SF:lib\main.dart
DA:17,0
DA:18,0
DA:19,0
DA:21,0
DA:22,0
DA:27,2
DA:29,1
DA:30,2
DA:31,3
DA:32,1
DA:33,1
DA:35,1
DA:37,1
DA:49,1
DA:50,1
DA:56,3
DA:58,1
DA:60,1
DA:62,1
DA:64,0
DA:65,0
DA:67,0
DA:68,0
DA:69,0
DA:71,0
DA:72,0
DA:73,0
DA:74,0
DA:78,0
DA:85,1
DA:100,1
DA:101,1
DA:109,1
DA:111,1
DA:112,4
DA:115,0
DA:116,0
DA:117,0
DA:118,0
DA:121,0
DA:122,0
DA:123,0
DA:124,0
DA:125,0
DA:126,0
DA:130,0
DA:131,0
DA:132,0
DA:134,0
DA:135,0
DA:136,0
DA:138,0
DA:139,0
DA:140,0
DA:145,1
DA:146,3
DA:148,3
DA:150,3
DA:157,1
DA:159,1
DA:160,1
DA:161,1
DA:162,4
DA:163,1
DA:165,1
DA:167,1
DA:168,2
DA:171,3
DA:180,2
DA:182,1
DA:183,1
DA:184,2
DA:185,1
DA:193,1
DA:203,1
DA:204,1
DA:211,0
DA:212,0
DA:213,0
DA:217,1
DA:219,1
DA:220,4
DA:222,1
DA:224,1
DA:225,1
DA:226,1
DA:227,2
DA:228,1
DA:229,1
DA:230,1
DA:236,1
DA:237,1
DA:247,1
DA:252,1
DA:254,1
DA:256,1
DA:262,1
DA:263,0
DA:264,0
DA:265,0
DA:266,0
DA:267,0
DA:269,0
DA:270,0
DA:279,1
DA:280,1
DA:294,2
DA:296,1
DA:297,0
DA:298,0
DA:299,0
DA:301,0
DA:302,0
DA:303,0
DA:306,0
DA:307,0
DA:319,1
DA:321,1
DA:322,1
DA:323,1
DA:326,1
DA:327,1
DA:330,1
DA:335,1
DA:338,1
DA:343,1
DA:346,1
DA:351,1
DA:354,1
DA:355,1
DA:356,2
DA:367,0
DA:368,0
DA:370,0
DA:373,0
DA:374,0
DA:375,0
DA:378,0
DA:379,0
DA:380,0
DA:382,0
DA:384,0
LF:142
LH:79
end_of_record
SF:lib\firebase_options.dart
DA:18,0
DA:20,0
DA:25,0
DA:26,0
DA:28,0
DA:30,0
DA:31,0
DA:35,0
DA:36,0
DA:40,0
DA:41,0
DA:46,0
LF:12
LH:0
end_of_record
SF:lib\l10n\l10n.dart
DA:4,3
LF:1
LH:1
end_of_record
SF:lib\utils\LocaleProvider.dart
DA:5,2
DA:7,1
DA:8,5
DA:11,0
DA:12,0
DA:14,0
DA:15,0
LF:7
LH:3
end_of_record
SF:lib\pages\ProfileScreen.dart
DA:9,3
DA:11,0
DA:18,1
DA:20,0
DA:21,0
DA:29,0
DA:31,0
DA:32,0
DA:33,0
DA:36,0
DA:37,0
DA:38,0
DA:40,0
DA:44,0
DA:45,0
DA:46,0
DA:52,0
DA:53,0
DA:60,0
DA:61,0
DA:68,0
DA:69,0
DA:70,0
DA:71,0
DA:72,0
DA:73,0
DA:78,0
DA:79,0
DA:80,0
DA:81,0
DA:82,0
DA:87,0
DA:89,0
DA:90,0
DA:94,0
DA:95,0
DA:97,0
DA:98,0
DA:99,0
DA:100,0
DA:102,0
DA:104,0
DA:105,0
DA:106,0
DA:108,0
DA:109,0
DA:110,0
DA:111,0
DA:113,0
DA:115,0
DA:116,0
DA:117,0
DA:119,0
DA:120,0
DA:123,0
DA:125,0
DA:126,0
DA:129,0
LF:58
LH:2
end_of_record
SF:lib\pages\RegistrationScreen.dart
DA:11,3
DA:13,1
DA:14,1
DA:26,0
DA:27,0
DA:28,0
DA:32,0
DA:33,0
DA:34,0
DA:38,0
DA:39,0
DA:40,0
DA:44,0
DA:45,0
DA:46,0
DA:47,0
DA:49,0
DA:50,0
DA:51,0
DA:53,0
DA:54,0
DA:65,1
DA:67,1
DA:68,1
DA:75,1
DA:76,1
DA:79,1
DA:80,1
DA:82,3
DA:85,1
DA:90,1
DA:91,1
DA:92,1
DA:97,1
DA:98,1
DA:99,1
DA:104,1
DA:105,1
DA:106,1
DA:107,2
DA:108,1
DA:109,1
DA:111,3
LF:43
LH:25
end_of_record
SF:lib\utils\AuthRepository.dart
DA:7,0
DA:13,0
DA:17,0
DA:21,0
DA:22,0
DA:23,0
DA:24,0
DA:31,0
DA:36,0
DA:40,0
DA:44,0
DA:51,0
DA:53,0
DA:56,0
DA:57,0
DA:59,0
DA:60,0
DA:61,0
DA:62,0
DA:64,0
DA:65,0
LF:21
LH:0
end_of_record
SF:lib\pages\LoginScreen.dart
DA:11,1
DA:13,0
DA:14,0
DA:25,0
DA:26,0
DA:27,0
DA:31,0
DA:32,0
DA:33,0
DA:37,0
DA:38,0
DA:39,0
DA:41,0
DA:42,0
DA:43,0
DA:46,0
DA:47,0
DA:58,0
DA:60,0
DA:61,0
DA:68,0
DA:69,0
DA:72,0
DA:73,0
DA:75,0
DA:78,0
DA:82,0
DA:83,0
DA:84,0
DA:88,0
DA:89,0
DA:90,0
DA:91,0
DA:92,0
DA:93,0
DA:95,0
DA:96,0
LF:37
LH:1
end_of_record
